Flow report for digital_cam_impl3
Fri Apr 26 11:52:17 2024
Quartus II 64-Bit Version 13.0.1 Build 232 06/12/2013 Service Pack 1 SJ Full Version


---------------------
; Table of Contents ;
---------------------
  1. Legal Notice
  2. Flow Summary
  3. Flow Settings
  4. Flow Non-Default Global Settings
  5. Flow Elapsed Time
  6. Flow OS Summary
  7. Flow Log
  8. Flow Messages
  9. Flow Suppressed Messages



----------------
; Legal Notice ;
----------------
Copyright (C) 1991-2013 Altera Corporation
Your use of Altera Corporation's design tools, logic functions 
and other software and tools, and its AMPP partner logic 
functions, and any output files from any of the foregoing 
(including device programming or simulation files), and any 
associated documentation or information are expressly subject 
to the terms and conditions of the Altera Program License 
Subscription Agreement, Altera MegaCore Function License 
Agreement, or other applicable license agreement, including, 
without limitation, that your use is for the sole purpose of 
programming logic devices manufactured by Altera and sold by 
Altera or its authorized distributors.  Please refer to the 
applicable agreement for further details.



+---------------------------------------------------------------------------------------+
; Flow Summary                                                                          ;
+------------------------------------+--------------------------------------------------+
; Flow Status                        ; Successful - Fri Apr 26 11:52:17 2024            ;
; Quartus II 64-Bit Version          ; 13.0.1 Build 232 06/12/2013 SP 1 SJ Full Version ;
; Revision Name                      ; digital_cam_impl3                                ;
; Top-level Entity Name              ; digital_cam_impl3                                ;
; Family                             ; Cyclone IV E                                     ;
; Device                             ; EP4CE115F29C7                                    ;
; Timing Models                      ; Final                                            ;
; Total logic elements               ; 1,606 / 114,480 ( 1 % )                          ;
;     Total combinational functions  ; 1,484 / 114,480 ( 1 % )                          ;
;     Dedicated logic registers      ; 818 / 114,480 ( < 1 % )                          ;
; Total registers                    ; 818                                              ;
; Total pins                         ; 94 / 529 ( 18 % )                                ;
; Total virtual pins                 ; 0                                                ;
; Total memory bits                  ; 3,152,384 / 3,981,312 ( 79 % )                   ;
; Embedded Multiplier 9-bit elements ; 0 / 532 ( 0 % )                                  ;
; Total PLLs                         ; 1 / 4 ( 25 % )                                   ;
+------------------------------------+--------------------------------------------------+


+-----------------------------------------+
; Flow Settings                           ;
+-------------------+---------------------+
; Option            ; Setting             ;
+-------------------+---------------------+
; Start date & time ; 04/26/2024 11:51:15 ;
; Main task         ; Compilation         ;
; Revision Name     ; digital_cam_impl3   ;
+-------------------+---------------------+


+----------------------------------------------------------------------------------------------------------------------------+
; Flow Non-Default Global Settings                                                                                           ;
+-------------------------------------+---------------------------------------+---------------+-------------+----------------+
; Assignment Name                     ; Value                                 ; Default Value ; Entity Name ; Section Id     ;
+-------------------------------------+---------------------------------------+---------------+-------------+----------------+
; COMPILER_SIGNATURE_ID               ; 251485282834470.171412507521140       ; --            ; --          ; --             ;
; EDA_OUTPUT_DATA_FORMAT              ; Vhdl                                  ; --            ; --          ; eda_simulation ;
; EDA_SIMULATION_TOOL                 ; ModelSim-Altera (VHDL)                ; <None>        ; --          ; --             ;
; IP_TOOL_NAME                        ; RAM: 2-PORT                           ; --            ; --          ; --             ;
; IP_TOOL_NAME                        ; ALTPLL                                ; --            ; --          ; --             ;
; IP_TOOL_VERSION                     ; 13.1                                  ; --            ; --          ; --             ;
; IP_TOOL_VERSION                     ; 13.1                                  ; --            ; --          ; --             ;
; MAX_CORE_JUNCTION_TEMP              ; 85                                    ; --            ; --          ; --             ;
; MIN_CORE_JUNCTION_TEMP              ; 0                                     ; --            ; --          ; --             ;
; MISC_FILE                           ; my_frame_buffer_15to0.cmp             ; --            ; --          ; --             ;
; MISC_FILE                           ; my_altpll.cmp                         ; --            ; --          ; --             ;
; MISC_FILE                           ; my_altpll.ppf                         ; --            ; --          ; --             ;
; OUTPUT_IO_TIMING_FAR_END_VMEAS      ; Half Signal Swing                     ; --            ; --          ; --             ;
; OUTPUT_IO_TIMING_FAR_END_VMEAS      ; Half Signal Swing                     ; --            ; --          ; --             ;
; OUTPUT_IO_TIMING_NEAR_END_VMEAS     ; Half Vccio                            ; --            ; --          ; --             ;
; OUTPUT_IO_TIMING_NEAR_END_VMEAS     ; Half Vccio                            ; --            ; --          ; --             ;
; PARTITION_COLOR                     ; 16764057                              ; --            ; --          ; Top            ;
; PARTITION_FITTER_PRESERVATION_LEVEL ; PLACEMENT_AND_ROUTING                 ; --            ; --          ; Top            ;
; PARTITION_NETLIST_TYPE              ; SOURCE                                ; --            ; --          ; Top            ;
; POWER_BOARD_THERMAL_MODEL           ; None (CONSERVATIVE)                   ; --            ; --          ; --             ;
; POWER_PRESET_COOLING_SOLUTION       ; 23 MM HEAT SINK WITH 200 LFPM AIRFLOW ; --            ; --          ; --             ;
; PROJECT_OUTPUT_DIRECTORY            ; output_files                          ; --            ; --          ; --             ;
+-------------------------------------+---------------------------------------+---------------+-------------+----------------+


+-------------------------------------------------------------------------------------------------------------------------------+
; Flow Elapsed Time                                                                                                             ;
+---------------------------+--------------+-------------------------+---------------------+------------------------------------+
; Module Name               ; Elapsed Time ; Average Processors Used ; Peak Virtual Memory ; Total CPU Time (on all processors) ;
+---------------------------+--------------+-------------------------+---------------------+------------------------------------+
; Analysis & Synthesis      ; 00:00:06     ; 1.0                     ; 4716 MB             ; 00:00:05                           ;
; Fitter                    ; 00:00:35     ; 3.1                     ; 5685 MB             ; 00:00:31                           ;
; Assembler                 ; 00:00:04     ; 1.0                     ; 4597 MB             ; 00:00:04                           ;
; TimeQuest Timing Analyzer ; 00:00:07     ; 1.2                     ; 4743 MB             ; 00:00:04                           ;
; EDA Netlist Writer        ; 00:00:03     ; 1.0                     ; 4601 MB             ; 00:00:03                           ;
; Total                     ; 00:00:55     ; --                      ; --                  ; 00:00:47                           ;
+---------------------------+--------------+-------------------------+---------------------+------------------------------------+


+----------------------------------------------------------------------------------------+
; Flow OS Summary                                                                        ;
+---------------------------+------------------+-----------+------------+----------------+
; Module Name               ; Machine Hostname ; OS Name   ; OS Version ; Processor type ;
+---------------------------+------------------+-----------+------------+----------------+
; Analysis & Synthesis      ; DESKTOP-7DD8DBO  ; Windows 7 ; 6.2        ; x86_64         ;
; Fitter                    ; DESKTOP-7DD8DBO  ; Windows 7 ; 6.2        ; x86_64         ;
; Assembler                 ; DESKTOP-7DD8DBO  ; Windows 7 ; 6.2        ; x86_64         ;
; TimeQuest Timing Analyzer ; DESKTOP-7DD8DBO  ; Windows 7 ; 6.2        ; x86_64         ;
; EDA Netlist Writer        ; DESKTOP-7DD8DBO  ; Windows 7 ; 6.2        ; x86_64         ;
+---------------------------+------------------+-----------+------------+----------------+


------------
; Flow Log ;
------------
quartus_map --read_settings_files=on --write_settings_files=off digital_cam_impl3 -c digital_cam_impl3
quartus_fit --read_settings_files=off --write_settings_files=off digital_cam_impl3 -c digital_cam_impl3
quartus_asm --read_settings_files=off --write_settings_files=off digital_cam_impl3 -c digital_cam_impl3
quartus_sta digital_cam_impl3 -c digital_cam_impl3
quartus_eda --read_settings_files=off --write_settings_files=off digital_cam_impl3 -c digital_cam_impl3



